
/home/runner/work/exp-fundamental-fluid-flow-iitb/exp-fundamental-fluid-flow-iitb/experiment/simulation/common_libraries/js/ts_components/collapse_step.js
   1:10  warning  'show_step' is defined but never used                 no-unused-vars
   2:5   warning  '$' is not defined                                    no-undef
   3:9   warning  '$' is not defined                                    no-undef
   6:10  warning  'hide_step' is defined but never used                 no-unused-vars
   7:5   warning  '$' is not defined                                    no-undef
   8:9   warning  '$' is not defined                                    no-undef
  11:10  warning  'get_collapse_btn_text' is defined but never used     no-unused-vars
  20:10  warning  'get_collapse_btn_element' is defined but never used  no-unused-vars
  29:10  warning  'hide_all_steps' is defined but never used            no-unused-vars
  31:9   warning  '$' is not defined                                    no-undef

/home/runner/work/exp-fundamental-fluid-flow-iitb/exp-fundamental-fluid-flow-iitb/experiment/simulation/common_libraries/js/ts_components/matrix.js
   27:26  warning  'MathJax' is not defined                                no-undef
   32:7   warning  'Matrix_Without_String' is defined but never used       no-unused-vars
   52:26  warning  'MathJax' is not defined                                no-undef
   56:10  warning  'get_matrix_html' is defined but never used             no-unused-vars
   87:13  warning  'row_html' is assigned a value but never used           no-unused-vars
   99:10  warning  'get_matrix_html_with_title' is defined but never used  no-unused-vars
  131:13  warning  'row_html' is assigned a value but never used           no-unused-vars
  143:10  warning  'convert_2d_to_1d_vector' is defined but never used     no-unused-vars
  156:10  warning  'convert_1d_to_2d_matrix' is defined but never used     no-unused-vars

/home/runner/work/exp-fundamental-fluid-flow-iitb/exp-fundamental-fluid-flow-iitb/experiment/simulation/common_libraries/js/ts_components/pannel.js
  8:7  warning  'Pannel' is defined but never used  no-unused-vars

/home/runner/work/exp-fundamental-fluid-flow-iitb/exp-fundamental-fluid-flow-iitb/experiment/simulation/common_libraries/js/ts_components/questions.js
   6:17  warning  'op1' is assigned a value but never used      no-unused-vars
   7:17  warning  'op2' is assigned a value but never used      no-unused-vars
   8:17  warning  'op3' is assigned a value but never used      no-unused-vars
   9:17  warning  'op4' is assigned a value but never used      no-unused-vars
  94:7   warning  'Question_Options' is defined but never used  no-unused-vars

/home/runner/work/exp-fundamental-fluid-flow-iitb/exp-fundamental-fluid-flow-iitb/experiment/simulation/common_libraries/js/ts_components/tables.js
   19:22  warning  'verify_values' is not defined                                     no-undef
  137:22  warning  'verify_values' is not defined                                     no-undef
  260:7   warning  'Verify_Rows_Cols_6_decimal_places' is defined but never used      no-unused-vars
  311:22  warning  'verify_values' is not defined                                     no-undef
  416:7   warning  'Verify_Rows_Cols_Custom_Fixed_Update1' is defined but never used  no-unused-vars
  468:7   warning  'Show_Table_Custom_Fixed' is defined but never used                no-unused-vars
  506:7   warning  'Verify_Rows_Cols_Strings' is defined but never used               no-unused-vars
  527:22  warning  'verify_values' is not defined                                     no-undef
  663:7   warning  'Display_Table' is defined but never used                          no-unused-vars

/home/runner/work/exp-fundamental-fluid-flow-iitb/exp-fundamental-fluid-flow-iitb/experiment/simulation/common_libraries/js/ts_math_library/general_math_functions.js
    1:10  warning  'verify_values' is defined but never used                   no-unused-vars
   17:10  warning  'random1' is defined but never used                         no-unused-vars
   21:10  warning  'std_deviation' is defined but never used                   no-unused-vars
   26:10  warning  'gauss' is defined but never used                           no-unused-vars
   56:10  warning  'hide_panel' is defined but never used                      no-unused-vars
   63:10  warning  'inverse_matrix' is defined but never used                  no-unused-vars
   96:10  warning  'matrix_multiplication' is defined but never used           no-unused-vars
  113:10  warning  'transpose_matrix' is defined but never used                no-unused-vars
  123:10  warning  'matrix_multiplication_8decimal' is defined but never used  no-unused-vars
  140:10  warning  'adjoint_2x2_matrix' is defined but never used              no-unused-vars
  145:10  warning  'find_deteminant' is defined but never used                 no-unused-vars
  174:10  warning  'get_Submatrix' is defined but never used                   no-unused-vars

/home/runner/work/exp-fundamental-fluid-flow-iitb/exp-fundamental-fluid-flow-iitb/experiment/simulation/common_libraries/js/ts_math_library/regression.js
   1:10  warning  'regression_linear' is defined but never used            no-unused-vars
  18:10  warning  'regression_linear_1variable' is defined but never used  no-unused-vars
  27:10  warning  'regression_linear_2variable' is defined but never used  no-unused-vars
  52:11  warning  'gauss' is not defined                                   no-undef

/home/runner/work/exp-fundamental-fluid-flow-iitb/exp-fundamental-fluid-flow-iitb/experiment/simulation/common_libraries/math.ob.js
  1:745  warning  'b' is already defined  no-redeclare

/home/runner/work/exp-fundamental-fluid-flow-iitb/exp-fundamental-fluid-flow-iitb/experiment/simulation/js/activity1.js
   19:24   warning  'MathJax' is not defined                  no-undef
   22:10   warning  'Verify_act1' is defined but never used   no-unused-vars
   27:20   warning  'get_collapse_btn_text' is not defined    no-undef
   32:24   warning  'a1_water_temp' is not defined            no-undef
   32:72   warning  'a1_pipe_diameter' is not defined         no-undef
   32:194  warning  'a1_velocity' is not defined              no-undef
   36:27   warning  'a1_rho' is not defined                   no-undef
   36:65   warning  'a1_mu' is not defined                    no-undef
   46:5    warning  'hide_all_steps' is not defined           no-undef
   47:24   warning  'show_step' is not defined                no-undef
   48:24   warning  'MathJax' is not defined                  no-undef
   51:10   warning  'sol1' is defined but never used          no-unused-vars
   56:20   warning  'get_collapse_btn_text' is not defined    no-undef
   92:5    warning  'a1_re' is not defined                    no-undef
   92:18   warning  'a1_pipe_diameter' is not defined         no-undef
   92:51   warning  'a1_mu' is not defined                    no-undef
   93:24   warning  'a1_re' is not defined                    no-undef
   98:24   warning  'MathJax' is not defined                  no-undef
  101:10   warning  'verify_sol1' is defined but never used   no-unused-vars
  103:17   warning  'a1_re' is not defined                    no-undef
  106:10   warning  'verify_values' is not defined            no-undef
  106:48   warning  'a1_re' is not defined                    no-undef
  112:25   warning  'a1_re' is not defined                    no-undef
  118:20   warning  'get_collapse_btn_text' is not defined    no-undef
  120:9    warning  'a1_re' is not defined                    no-undef
  123:14   warning  'a1_re' is not defined                    no-undef
  126:14   warning  'a1_re' is not defined                    no-undef
  157:5    warning  'hide_all_steps' is not defined           no-undef
  158:24   warning  'show_step' is not defined                no-undef
  159:24   warning  'MathJax' is not defined                  no-undef
  161:10   warning  'verify_sol12' is defined but never used  no-unused-vars
  163:17   warning  'a1_f' is not defined                     no-undef
  166:10   warning  'verify_values' is not defined            no-undef
  166:48   warning  'a1_f' is not defined                     no-undef
  172:25   warning  'a1_f' is not defined                     no-undef
  178:20   warning  'get_collapse_btn_text' is not defined    no-undef
  216:5    warning  'a1_pressure_drop' is not defined         no-undef
  216:29   warning  'a1_f' is not defined                     no-undef
  216:36   warning  'a1_rho' is not defined                   no-undef
  216:56   warning  'a1_velocity' is not defined              no-undef
  216:83   warning  'a1_pipe_diameter' is not defined         no-undef
  218:5    warning  'hide_all_steps' is not defined           no-undef
  219:24   warning  'show_step' is not defined                no-undef
  220:24   warning  'MathJax' is not defined                  no-undef
  222:10   warning  'verify_sol2' is defined but never used   no-unused-vars
  224:17   warning  'a1_pressure_drop' is not defined         no-undef
  227:10   warning  'verify_values' is not defined            no-undef
  227:48   warning  'a1_pressure_drop' is not defined         no-undef
  233:25   warning  'a1_pressure_drop' is not defined         no-undef
  236:5    warning  'activity2' is not defined                no-undef
  247:24   warning  'Updated_Question' is not defined         no-undef
  247:61   warning  'ques_ans' is not defined                 no-undef
  251:24   warning  'MathJax' is not defined                  no-undef
  255:9    warning  'a1_f' is not defined                     no-undef
  256:9    warning  'ques_ans' is not defined                 no-undef
  259:9    warning  'a1_f' is not defined                     no-undef
  260:9    warning  'ques_ans' is not defined                 no-undef
  263:9    warning  'a1_f' is not defined                     no-undef
  264:9    warning  'ques_ans' is not defined                 no-undef
  267:9    warning  'ques_ans' is not defined                 no-undef

/home/runner/work/exp-fundamental-fluid-flow-iitb/exp-fundamental-fluid-flow-iitb/experiment/simulation/js/activity2.js
    1:10   warning  'activity2' is defined but never used     no-unused-vars
   17:5    warning  'maindiv' is not defined                  no-undef
   18:24   warning  'MathJax' is not defined                  no-undef
   21:10   warning  'Verify_act2' is defined but never used   no-unused-vars
   26:20   warning  'get_collapse_btn_text' is not defined    no-undef
   31:22   warning  'a2_env_temp' is not defined              no-undef
   31:113  warning  'a2_velocity' is not defined              no-undef
   31:173  warning  'a2_plate_temp' is not defined            no-undef
   31:271  warning  'a2_x1' is not defined                    no-undef
   31:284  warning  'a2_x2' is not defined                    no-undef
   31:405  warning  'a2_x1' is not defined                    no-undef
   31:422  warning  'a2_x2' is not defined                    no-undef
   31:508  warning  'a2_x2' is not defined                    no-undef
   31:547  warning  'a2_avg_mean_temp' is not defined         no-undef
   33:25   warning  'a2_cp' is not defined                    no-undef
   33:73   warning  'a2_rho' is not defined                   no-undef
   33:108  warning  'a2_mu' is not defined                    no-undef
   44:5    warning  'maindiv' is not defined                  no-undef
   45:5    warning  'hide_all_steps' is not defined           no-undef
   46:24   warning  'show_step' is not defined                no-undef
   47:24   warning  'MathJax' is not defined                  no-undef
   50:10   warning  'a2_sol2' is defined but never used       no-unused-vars
   51:20   warning  'get_collapse_btn_text' is not defined    no-undef
   74:31   warning  'a2_x1' is not defined                    no-undef
   74:79   warning  'a2_x1' is not defined                    no-undef
   79:27   warning  'a2_x1' is not defined                    no-undef
   84:31   warning  'a2_x2' is not defined                    no-undef
   84:79   warning  'a2_x2' is not defined                    no-undef
   90:26   warning  'a2_x2' is not defined                    no-undef
  101:5    warning  'a2_re1' is not defined                   no-undef
  101:15   warning  'a2_velocity' is not defined              no-undef
  101:29   warning  'a2_x1' is not defined                    no-undef
  101:50   warning  'a2_mu' is not defined                    no-undef
  102:5    warning  'a2_re2' is not defined                   no-undef
  102:15   warning  'a2_velocity' is not defined              no-undef
  102:29   warning  'a2_x2' is not defined                    no-undef
  102:50   warning  'a2_mu' is not defined                    no-undef
  103:5    warning  'maindiv' is not defined                  no-undef
  104:5    warning  'hide_all_steps' is not defined           no-undef
  105:24   warning  'show_step' is not defined                no-undef
  106:24   warning  'MathJax' is not defined                  no-undef
  108:10   warning  'verify2_sol2' is defined but never used  no-unused-vars
  110:17   warning  'a2_re1' is not defined                   no-undef
  110:25   warning  'a2_re2' is not defined                   no-undef
  115:10   warning  'verify_values' is not defined            no-undef
  115:48   warning  'a2_re1' is not defined                   no-undef
  119:10   warning  'verify_values' is not defined            no-undef
  119:48   warning  'a2_re2' is not defined                   no-undef
  125:25   warning  'a2_re1' is not defined                   no-undef
  127:25   warning  'a2_re2' is not defined                   no-undef
  133:20   warning  'get_collapse_btn_text' is not defined    no-undef
  165:36   warning  'a2_x1' is not defined                    no-undef
  165:87   warning  'a2_x1' is not defined                    no-undef
  165:127  warning  'a2_x1' is not defined                    no-undef
  170:32   warning  'a2_x1' is not defined                    no-undef
  175:36   warning  'a2_x2' is not defined                    no-undef
  175:87   warning  'a2_x2' is not defined                    no-undef
  175:127  warning  'a2_x2' is not defined                    no-undef
  181:32   warning  'a2_x2' is not defined                    no-undef
  192:62   warning  'a2_x2' is not defined                    no-undef
  192:102  warning  'a2_x1' is not defined                    no-undef
  209:5    warning  'a2_karman_delta1' is not defined         no-undef
  209:33   warning  'a2_x1' is not defined                    no-undef
  209:60   warning  'a2_re1' is not defined                   no-undef
  210:5    warning  'a2_karman_delta2' is not defined         no-undef
  210:33   warning  'a2_x2' is not defined                    no-undef
  210:60   warning  'a2_re2' is not defined                   no-undef
  211:5    warning  'a2_karman_mfr' is not defined            no-undef
  211:31   warning  'a2_rho' is not defined                   no-undef
  211:41   warning  'a2_velocity' is not defined              no-undef
  211:62   warning  'a2_karman_delta2' is not defined         no-undef
  211:81   warning  'a2_karman_delta1' is not defined         no-undef
  212:5    warning  'maindiv' is not defined                  no-undef
  213:5    warning  'hide_all_steps' is not defined           no-undef
  214:24   warning  'show_step' is not defined                no-undef
  215:24   warning  'MathJax' is not defined                  no-undef
  217:10   warning  'verify2_sol3' is defined but never used  no-unused-vars
  219:17   warning  'a2_karman_delta1' is not defined         no-undef
  219:42   warning  'a2_karman_delta2' is not defined         no-undef
  219:67   warning  'a2_karman_mfr' is not defined            no-undef
  226:10   warning  'verify_values' is not defined            no-undef
  226:48   warning  'a2_karman_delta1' is not defined         no-undef
  230:10   warning  'verify_values' is not defined            no-undef
  230:48   warning  'a2_karman_delta2' is not defined         no-undef
  234:10   warning  'verify_values' is not defined            no-undef
  234:48   warning  'a2_karman_mfr' is not defined            no-undef
  240:25   warning  'a2_karman_delta1' is not defined         no-undef
  242:25   warning  'a2_karman_delta2' is not defined         no-undef
  244:25   warning  'a2_karman_mfr' is not defined            no-undef
  250:20   warning  'get_collapse_btn_text' is not defined    no-undef
  271:32   warning  'a2_x1' is not defined                    no-undef
  275:32   warning  'a2_x2' is not defined                    no-undef
  286:62   warning  'a2_x2' is not defined                    no-undef
  286:102  warning  'a2_x1' is not defined                    no-undef
  303:5    warning  'a2_blasius_delta1' is not defined        no-undef
  303:31   warning  'a2_x1' is not defined                    no-undef
  303:58   warning  'a2_re1' is not defined                   no-undef
  304:5    warning  'a2_blasius_delta2' is not defined        no-undef
  304:31   warning  'a2_x2' is not defined                    no-undef
  304:58   warning  'a2_re2' is not defined                   no-undef
  305:5    warning  'a2_blasius_mfr' is not defined           no-undef
  305:32   warning  'a2_rho' is not defined                   no-undef
  305:42   warning  'a2_velocity' is not defined              no-undef
  305:63   warning  'a2_blasius_delta2' is not defined        no-undef
  305:83   warning  'a2_blasius_delta1' is not defined        no-undef
  306:5    warning  'maindiv' is not defined                  no-undef
  307:5    warning  'hide_all_steps' is not defined           no-undef
  308:24   warning  'show_step' is not defined                no-undef
  309:24   warning  'MathJax' is not defined                  no-undef
  311:10   warning  'verify2_sol4' is defined but never used  no-unused-vars
  313:17   warning  'a2_blasius_delta1' is not defined        no-undef
  313:43   warning  'a2_blasius_delta2' is not defined        no-undef
  313:69   warning  'a2_blasius_mfr' is not defined           no-undef
  320:10   warning  'verify_values' is not defined            no-undef
  320:48   warning  'a2_blasius_delta1' is not defined        no-undef
  324:10   warning  'verify_values' is not defined            no-undef
  324:48   warning  'a2_blasius_delta2' is not defined        no-undef
  328:10   warning  'verify_values' is not defined            no-undef
  328:48   warning  'a2_blasius_mfr' is not defined           no-undef
  334:25   warning  'a2_blasius_delta1' is not defined        no-undef
  336:25   warning  'a2_blasius_delta2' is not defined        no-undef
  338:25   warning  'a2_blasius_mfr' is not defined           no-undef
  344:20   warning  'get_collapse_btn_text' is not defined    no-undef
  361:31   warning  'a2_x2' is not defined                    no-undef
  376:5    warning  'a2_drag_force' is not defined            no-undef
  376:22   warning  'a2_rho' is not defined                   no-undef
  376:32   warning  'a2_x2' is not defined                    no-undef
  376:48   warning  'a2_velocity' is not defined              no-undef
  377:5    warning  'maindiv' is not defined                  no-undef
  378:5    warning  'hide_all_steps' is not defined           no-undef
  379:24   warning  'show_step' is not defined                no-undef
  380:24   warning  'MathJax' is not defined                  no-undef
  382:10   warning  'verify2_sol5' is defined but never used  no-unused-vars
  384:17   warning  'a2_drag_force' is not defined            no-undef
  387:10   warning  'verify_values' is not defined            no-undef
  387:48   warning  'a2_drag_force' is not defined            no-undef
  393:25   warning  'a2_drag_force' is not defined            no-undef
  399:20   warning  'get_collapse_btn_text' is not defined    no-undef
  406:50   warning  'a2_x2' is not defined                    no-undef
  416:61   warning  'a2_x2' is not defined                    no-undef
  431:61   warning  'a2_x2' is not defined                    no-undef
  447:5    warning  'a2_karman_ldc' is not defined            no-undef
  447:40   warning  'a2_re2' is not defined                   no-undef
  448:5    warning  'a2_blasius_ldc' is not defined           no-undef
  448:41   warning  'a2_re2' is not defined                   no-undef
  449:5    warning  'maindiv' is not defined                  no-undef
  450:5    warning  'hide_all_steps' is not defined           no-undef
  451:24   warning  'show_step' is not defined                no-undef
  452:24   warning  'MathJax' is not defined                  no-undef
  454:10   warning  'verify2_sol6' is defined but never used  no-unused-vars
  456:17   warning  'a2_karman_ldc' is not defined            no-undef
  456:39   warning  'a2_blasius_ldc' is not defined           no-undef
  461:10   warning  'verify_values' is not defined            no-undef
  461:48   warning  'a2_karman_ldc' is not defined            no-undef
  465:10   warning  'verify_values' is not defined            no-undef
  465:48   warning  'a2_blasius_ldc' is not defined           no-undef
  471:25   warning  'a2_karman_ldc' is not defined            no-undef
  473:25   warning  'a2_karman_ldc' is not defined            no-undef

/home/runner/work/exp-fundamental-fluid-flow-iitb/exp-fundamental-fluid-flow-iitb/experiment/simulation/js/data.js
   2:5  warning  'a1_water_temp' is assigned a value but never used      no-unused-vars
   3:5  warning  'a1_pipe_diameter' is assigned a value but never used   no-unused-vars
   4:5  warning  'a1_velocity' is assigned a value but never used        no-unused-vars
   5:5  warning  'a1_rho' is assigned a value but never used             no-unused-vars
   6:5  warning  'a1_mu' is assigned a value but never used              no-unused-vars
   7:5  warning  'a1_re' is assigned a value but never used              no-unused-vars
   8:5  warning  'a1_f' is assigned a value but never used               no-unused-vars
   9:5  warning  'a1_pressure_drop' is assigned a value but never used   no-unused-vars
  10:5  warning  'ques_ans' is assigned a value but never used           no-unused-vars
  12:5  warning  'a2_env_temp' is assigned a value but never used        no-unused-vars
  13:5  warning  'a2_velocity' is assigned a value but never used        no-unused-vars
  14:5  warning  'a2_plate_temp' is assigned a value but never used      no-unused-vars
  15:5  warning  'a2_x1' is assigned a value but never used              no-unused-vars
  16:5  warning  'a2_x2' is assigned a value but never used              no-unused-vars
  17:5  warning  'a2_avg_mean_temp' is assigned a value but never used   no-unused-vars
  18:5  warning  'a2_cp' is assigned a value but never used              no-unused-vars
  19:5  warning  'a2_rho' is assigned a value but never used             no-unused-vars
  20:5  warning  'a2_mu' is assigned a value but never used              no-unused-vars
  21:5  warning  'a2_re1' is assigned a value but never used             no-unused-vars
  22:5  warning  'a2_re2' is assigned a value but never used             no-unused-vars
  23:5  warning  'a2_karman_delta1' is assigned a value but never used   no-unused-vars
  24:5  warning  'a2_karman_delta2' is assigned a value but never used   no-unused-vars
  25:5  warning  'a2_karman_mfr' is assigned a value but never used      no-unused-vars
  26:5  warning  'a2_blasius_delta1' is assigned a value but never used  no-unused-vars
  27:5  warning  'a2_blasius_delta2' is assigned a value but never used  no-unused-vars
  28:5  warning  'a2_blasius_mfr' is assigned a value but never used     no-unused-vars
  29:5  warning  'a2_drag_force' is assigned a value but never used      no-unused-vars
  30:5  warning  'a2_karman_ldc' is assigned a value but never used      no-unused-vars
  31:5  warning  'a2_blasius_ldc' is assigned a value but never used     no-unused-vars

/home/runner/work/exp-fundamental-fluid-flow-iitb/exp-fundamental-fluid-flow-iitb/experiment/simulation/js/gauss_ele.js
  42:10  warning  'gauss_ele' is defined but never used  no-unused-vars

/home/runner/work/exp-fundamental-fluid-flow-iitb/exp-fundamental-fluid-flow-iitb/experiment/simulation/js/screen_size.js
  1:10  warning  'set_screen_size' is defined but never used  no-unused-vars

/home/runner/work/exp-fundamental-fluid-flow-iitb/exp-fundamental-fluid-flow-iitb/experiment/simulation/js/trap.js
   4:10  warning  'generate_data' is defined but never used  no-unused-vars
  13:10  warning  'trap' is defined but never used           no-unused-vars
  21:10  warning  'sim1by3' is defined but never used        no-unused-vars
  29:10  warning  'sim3by8' is defined but never used        no-unused-vars

✖ 304 problems (0 errors, 304 warnings)

